<?xml version="1.0" encoding="UTF-8"?>
<!-- Generated by org.testng.reporters.JUnitReportReporter -->
<testsuite skipped="1" hostname="hashworks-Satellite-C50-A" name="excel.Utils" tests="1" failures="0" timestamp="12 Apr 2019 06:34:19 GMT" time="0.000" errors="0">
  <testcase name="integrationTest" time="0.000" classname="excel.Utils">
    <skipped/>
  </testcase> <!-- integrationTest -->
</testsuite> <!-- excel.Utils -->
